c:\engineering\gamesengineering2\ecs\debug\vc141.pdb
c:\engineering\gamesengineering2\ecs\debug\vc141.idb
c:\engineering\gamesengineering2\ecs\debug\source.obj
c:\eng2\gamesengineering2\ecs\debug\vc141.pdb
c:\eng2\gamesengineering2\ecs\debug\vc141.idb
c:\eng2\gamesengineering2\ecs\debug\source.obj
c:\eng2\gamesengineering2\ecs\debug\entity.obj
c:\engineering\gamesengineering2\ecs\debug\ecs.ilk
c:\engineering\gamesengineering2\ecs\debug\ecs.exe
c:\engineering\gamesengineering2\ecs\debug\ecs.pdb
c:\eng2\gamesengineering2\ecs\debug\ecs.pdb
c:\eng2\gamesengineering2\ecs\debug\ecs.tlog\cl.command.1.tlog
c:\eng2\gamesengineering2\ecs\debug\ecs.tlog\cl.read.1.tlog
c:\eng2\gamesengineering2\ecs\debug\ecs.tlog\cl.write.1.tlog
c:\eng2\gamesengineering2\ecs\debug\ecs.tlog\link.5312-cvtres.read.1.tlog
c:\eng2\gamesengineering2\ecs\debug\ecs.tlog\link.5312-cvtres.write.1.tlog
c:\eng2\gamesengineering2\ecs\debug\ecs.tlog\link.5312-rc.read.1.tlog
c:\eng2\gamesengineering2\ecs\debug\ecs.tlog\link.5312-rc.write.1.tlog
c:\eng2\gamesengineering2\ecs\debug\ecs.tlog\link.5312.read.1.tlog
c:\eng2\gamesengineering2\ecs\debug\ecs.tlog\link.5312.write.1.tlog
c:\eng2\gamesengineering2\ecs\debug\ecs.tlog\link.command.1.tlog
c:\eng2\gamesengineering2\ecs\debug\ecs.tlog\link.read.1.tlog
c:\eng2\gamesengineering2\ecs\debug\ecs.tlog\link.write.1.tlog
